<?xml version="1.0" encoding="UTF-8"?>
<!-- Generated by org.testng.reporters.JUnitReportReporter -->
<testsuite hostname="DESKTOP-P1NSECT" failures="0" tests="1" name="TestRunner.CucumberTestRunner" time="8.624" errors="0" timestamp="2025-05-21T12:29:55 IST" skipped="0">
  <testcase classname="TestRunner.CucumberTestRunner" name="runScenario" time="8.624"/>
</testsuite> <!-- TestRunner.CucumberTestRunner -->
