<?xml version="1.0" encoding="UTF-8"?>
<!-- Generated by org.testng.reporters.JUnitReportReporter -->
<testsuite hostname="DESKTOP-P1NSECT" failures="0" tests="1" name="TestRunner.CucumberTestRunner" time="7.666" errors="0" timestamp="2025-05-22T12:33:34 IST" skipped="0">
  <testcase classname="TestRunner.CucumberTestRunner" name="runScenario" time="7.666"/>
</testsuite> <!-- TestRunner.CucumberTestRunner -->
