<?xml version="1.0" encoding="UTF-8"?>
<testsuite xmlns:xsi="http://www.w3.org/2001/XMLSchema-instance" xsi:noNamespaceSchemaLocation="https://maven.apache.org/surefire/maven-surefire-plugin/xsd/surefire-test-report-3.0.xsd" version="3.0" name="TestSuite" time="9.864" tests="2" errors="0" skipped="0" failures="0">
  <properties>
    <property name="java.specification.version" value="21"/>
    <property name="webdriver.chrome.driver" value="C:\Users\Orangebits\Downloads\Compressed\chromedriver.exe"/>
    <property name="sun.cpu.isalist" value="amd64"/>
    <property name="sun.jnu.encoding" value="Cp1252"/>
    <property name="java.class.path" value="C:\Users\Orangebits\eclipse-workspace\BDDFramwork\target\test-classes;C:\Users\Orangebits\eclipse-workspace\BDDFramwork\target\classes;C:\Users\Orangebits\.m2\repository\org\seleniumhq\selenium\selenium-java\4.32.0\selenium-java-4.32.0.jar;C:\Users\Orangebits\.m2\repository\org\seleniumhq\selenium\selenium-api\4.32.0\selenium-api-4.32.0.jar;C:\Users\Orangebits\.m2\repository\org\jspecify\jspecify\1.0.0\jspecify-1.0.0.jar;C:\Users\Orangebits\.m2\repository\org\seleniumhq\selenium\selenium-chrome-driver\4.32.0\selenium-chrome-driver-4.32.0.jar;C:\Users\Orangebits\.m2\repository\com\google\auto\service\auto-service-annotations\1.1.1\auto-service-annotations-1.1.1.jar;C:\Users\Orangebits\.m2\repository\org\seleniumhq\selenium\selenium-chromium-driver\4.32.0\selenium-chromium-driver-4.32.0.jar;C:\Users\Orangebits\.m2\repository\org\seleniumhq\selenium\selenium-json\4.32.0\selenium-json-4.32.0.jar;C:\Users\Orangebits\.m2\repository\org\seleniumhq\selenium\selenium-manager\4.32.0\selenium-manager-4.32.0.jar;C:\Users\Orangebits\.m2\repository\org\seleniumhq\selenium\selenium-devtools-v134\4.32.0\selenium-devtools-v134-4.32.0.jar;C:\Users\Orangebits\.m2\repository\org\seleniumhq\selenium\selenium-devtools-v135\4.32.0\selenium-devtools-v135-4.32.0.jar;C:\Users\Orangebits\.m2\repository\org\seleniumhq\selenium\selenium-devtools-v136\4.32.0\selenium-devtools-v136-4.32.0.jar;C:\Users\Orangebits\.m2\repository\org\seleniumhq\selenium\selenium-edge-driver\4.32.0\selenium-edge-driver-4.32.0.jar;C:\Users\Orangebits\.m2\repository\org\seleniumhq\selenium\selenium-firefox-driver\4.32.0\selenium-firefox-driver-4.32.0.jar;C:\Users\Orangebits\.m2\repository\org\seleniumhq\selenium\selenium-http\4.32.0\selenium-http-4.32.0.jar;C:\Users\Orangebits\.m2\repository\org\seleniumhq\selenium\selenium-ie-driver\4.32.0\selenium-ie-driver-4.32.0.jar;C:\Users\Orangebits\.m2\repository\org\seleniumhq\selenium\selenium-remote-driver\4.32.0\selenium-remote-driver-4.32.0.jar;C:\Users\Orangebits\.m2\repository\com\google\guava\guava\33.4.8-jre\guava-33.4.8-jre.jar;C:\Users\Orangebits\.m2\repository\com\google\guava\failureaccess\1.0.3\failureaccess-1.0.3.jar;C:\Users\Orangebits\.m2\repository\com\google\guava\listenablefuture\9999.0-empty-to-avoid-conflict-with-guava\listenablefuture-9999.0-empty-to-avoid-conflict-with-guava.jar;C:\Users\Orangebits\.m2\repository\com\google\errorprone\error_prone_annotations\2.36.0\error_prone_annotations-2.36.0.jar;C:\Users\Orangebits\.m2\repository\com\google\j2objc\j2objc-annotations\3.0.0\j2objc-annotations-3.0.0.jar;C:\Users\Orangebits\.m2\repository\io\opentelemetry\opentelemetry-api\1.49.0\opentelemetry-api-1.49.0.jar;C:\Users\Orangebits\.m2\repository\io\opentelemetry\opentelemetry-context\1.49.0\opentelemetry-context-1.49.0.jar;C:\Users\Orangebits\.m2\repository\io\opentelemetry\opentelemetry-exporter-logging\1.49.0\opentelemetry-exporter-logging-1.49.0.jar;C:\Users\Orangebits\.m2\repository\io\opentelemetry\opentelemetry-sdk-common\1.49.0\opentelemetry-sdk-common-1.49.0.jar;C:\Users\Orangebits\.m2\repository\io\opentelemetry\opentelemetry-sdk-extension-autoconfigure-spi\1.49.0\opentelemetry-sdk-extension-autoconfigure-spi-1.49.0.jar;C:\Users\Orangebits\.m2\repository\io\opentelemetry\opentelemetry-sdk-extension-autoconfigure\1.49.0\opentelemetry-sdk-extension-autoconfigure-1.49.0.jar;C:\Users\Orangebits\.m2\repository\io\opentelemetry\opentelemetry-sdk-trace\1.49.0\opentelemetry-sdk-trace-1.49.0.jar;C:\Users\Orangebits\.m2\repository\io\opentelemetry\opentelemetry-sdk\1.49.0\opentelemetry-sdk-1.49.0.jar;C:\Users\Orangebits\.m2\repository\io\opentelemetry\opentelemetry-sdk-metrics\1.49.0\opentelemetry-sdk-metrics-1.49.0.jar;C:\Users\Orangebits\.m2\repository\io\opentelemetry\opentelemetry-sdk-logs\1.49.0\opentelemetry-sdk-logs-1.49.0.jar;C:\Users\Orangebits\.m2\repository\net\bytebuddy\byte-buddy\1.17.5\byte-buddy-1.17.5.jar;C:\Users\Orangebits\.m2\repository\org\seleniumhq\selenium\selenium-os\4.32.0\selenium-os-4.32.0.jar;C:\Users\Orangebits\.m2\repository\org\apache\commons\commons-exec\1.4.0\commons-exec-1.4.0.jar;C:\Users\Orangebits\.m2\repository\org\seleniumhq\selenium\selenium-safari-driver\4.32.0\selenium-safari-driver-4.32.0.jar;C:\Users\Orangebits\.m2\repository\org\seleniumhq\selenium\selenium-support\4.32.0\selenium-support-4.32.0.jar;C:\Users\Orangebits\.m2\repository\junit\junit\4.13.2\junit-4.13.2.jar;C:\Users\Orangebits\.m2\repository\org\hamcrest\hamcrest-core\1.3\hamcrest-core-1.3.jar;C:\Users\Orangebits\.m2\repository\io\cucumber\cucumber-java\7.20.1\cucumber-java-7.20.1.jar;C:\Users\Orangebits\.m2\repository\io\cucumber\cucumber-core\7.20.1\cucumber-core-7.20.1.jar;C:\Users\Orangebits\.m2\repository\io\cucumber\cucumber-gherkin\7.20.1\cucumber-gherkin-7.20.1.jar;C:\Users\Orangebits\.m2\repository\io\cucumber\cucumber-gherkin-messages\7.20.1\cucumber-gherkin-messages-7.20.1.jar;C:\Users\Orangebits\.m2\repository\io\cucumber\gherkin\28.0.0\gherkin-28.0.0.jar;C:\Users\Orangebits\.m2\repository\io\cucumber\messages\24.1.0\messages-24.1.0.jar;C:\Users\Orangebits\.m2\repository\io\cucumber\testng-xml-formatter\0.2.0\testng-xml-formatter-0.2.0.jar;C:\Users\Orangebits\.m2\repository\io\cucumber\query\12.2.0\query-12.2.0.jar;C:\Users\Orangebits\.m2\repository\io\cucumber\tag-expressions\6.1.0\tag-expressions-6.1.0.jar;C:\Users\Orangebits\.m2\repository\io\cucumber\cucumber-expressions\17.1.0\cucumber-expressions-17.1.0.jar;C:\Users\Orangebits\.m2\repository\io\cucumber\datatable\7.20.1\datatable-7.20.1.jar;C:\Users\Orangebits\.m2\repository\io\cucumber\cucumber-plugin\7.20.1\cucumber-plugin-7.20.1.jar;C:\Users\Orangebits\.m2\repository\io\cucumber\docstring\7.20.1\docstring-7.20.1.jar;C:\Users\Orangebits\.m2\repository\io\cucumber\html-formatter\21.7.0\html-formatter-21.7.0.jar;C:\Users\Orangebits\.m2\repository\io\cucumber\junit-xml-formatter\0.5.0\junit-xml-formatter-0.5.0.jar;C:\Users\Orangebits\.m2\repository\io\cucumber\ci-environment\10.0.1\ci-environment-10.0.1.jar;C:\Users\Orangebits\.m2\repository\org\apiguardian\apiguardian-api\1.1.2\apiguardian-api-1.1.2.jar;C:\Users\Orangebits\.m2\repository\org\testng\testng\7.10.2\testng-7.10.2.jar;C:\Users\Orangebits\.m2\repository\org\slf4j\slf4j-api\1.7.36\slf4j-api-1.7.36.jar;C:\Users\Orangebits\.m2\repository\com\beust\jcommander\1.82\jcommander-1.82.jar;C:\Users\Orangebits\.m2\repository\org\webjars\jquery\3.7.1\jquery-3.7.1.jar;C:\Users\Orangebits\.m2\repository\Selenium\java\0.0.1-SNAPSHOT\java-0.0.1-SNAPSHOT.jar;C:\Users\Orangebits\.m2\repository\io\cucumber\cucumber-testng\7.14.0\cucumber-testng-7.14.0.jar;C:\Users\Orangebits\.m2\repository\org\slf4j\slf4j-simple\2.0.7\slf4j-simple-2.0.7.jar;"/>
    <property name="java.vm.vendor" value="Oracle Corporation"/>
    <property name="sun.arch.data.model" value="64"/>
    <property name="user.variant" value=""/>
    <property name="java.vendor.url" value="https://java.oracle.com/"/>
    <property name="user.timezone" value="Asia/Calcutta"/>
    <property name="os.name" value="Windows 10"/>
    <property name="java.vm.specification.version" value="21"/>
    <property name="sun.java.launcher" value="SUN_STANDARD"/>
    <property name="user.country" value="IN"/>
    <property name="sun.boot.library.path" value="C:\Program Files\Java\jdk-21\bin"/>
    <property name="sun.java.command" value="C:\Users\Orangebits\AppData\Local\Temp\surefire8173626017424997599\surefirebooter-20250521184842085_3.jar C:\Users\Orangebits\AppData\Local\Temp\surefire8173626017424997599 2025-05-21T18-48-41_814-jvmRun1 surefire-20250521184842085_1tmp surefire_0-20250521184842085_2tmp"/>
    <property name="jdk.debug" value="release"/>
    <property name="surefire.test.class.path" value="C:\Users\Orangebits\eclipse-workspace\BDDFramwork\target\test-classes;C:\Users\Orangebits\eclipse-workspace\BDDFramwork\target\classes;C:\Users\Orangebits\.m2\repository\org\seleniumhq\selenium\selenium-java\4.32.0\selenium-java-4.32.0.jar;C:\Users\Orangebits\.m2\repository\org\seleniumhq\selenium\selenium-api\4.32.0\selenium-api-4.32.0.jar;C:\Users\Orangebits\.m2\repository\org\jspecify\jspecify\1.0.0\jspecify-1.0.0.jar;C:\Users\Orangebits\.m2\repository\org\seleniumhq\selenium\selenium-chrome-driver\4.32.0\selenium-chrome-driver-4.32.0.jar;C:\Users\Orangebits\.m2\repository\com\google\auto\service\auto-service-annotations\1.1.1\auto-service-annotations-1.1.1.jar;C:\Users\Orangebits\.m2\repository\org\seleniumhq\selenium\selenium-chromium-driver\4.32.0\selenium-chromium-driver-4.32.0.jar;C:\Users\Orangebits\.m2\repository\org\seleniumhq\selenium\selenium-json\4.32.0\selenium-json-4.32.0.jar;C:\Users\Orangebits\.m2\repository\org\seleniumhq\selenium\selenium-manager\4.32.0\selenium-manager-4.32.0.jar;C:\Users\Orangebits\.m2\repository\org\seleniumhq\selenium\selenium-devtools-v134\4.32.0\selenium-devtools-v134-4.32.0.jar;C:\Users\Orangebits\.m2\repository\org\seleniumhq\selenium\selenium-devtools-v135\4.32.0\selenium-devtools-v135-4.32.0.jar;C:\Users\Orangebits\.m2\repository\org\seleniumhq\selenium\selenium-devtools-v136\4.32.0\selenium-devtools-v136-4.32.0.jar;C:\Users\Orangebits\.m2\repository\org\seleniumhq\selenium\selenium-edge-driver\4.32.0\selenium-edge-driver-4.32.0.jar;C:\Users\Orangebits\.m2\repository\org\seleniumhq\selenium\selenium-firefox-driver\4.32.0\selenium-firefox-driver-4.32.0.jar;C:\Users\Orangebits\.m2\repository\org\seleniumhq\selenium\selenium-http\4.32.0\selenium-http-4.32.0.jar;C:\Users\Orangebits\.m2\repository\org\seleniumhq\selenium\selenium-ie-driver\4.32.0\selenium-ie-driver-4.32.0.jar;C:\Users\Orangebits\.m2\repository\org\seleniumhq\selenium\selenium-remote-driver\4.32.0\selenium-remote-driver-4.32.0.jar;C:\Users\Orangebits\.m2\repository\com\google\guava\guava\33.4.8-jre\guava-33.4.8-jre.jar;C:\Users\Orangebits\.m2\repository\com\google\guava\failureaccess\1.0.3\failureaccess-1.0.3.jar;C:\Users\Orangebits\.m2\repository\com\google\guava\listenablefuture\9999.0-empty-to-avoid-conflict-with-guava\listenablefuture-9999.0-empty-to-avoid-conflict-with-guava.jar;C:\Users\Orangebits\.m2\repository\com\google\errorprone\error_prone_annotations\2.36.0\error_prone_annotations-2.36.0.jar;C:\Users\Orangebits\.m2\repository\com\google\j2objc\j2objc-annotations\3.0.0\j2objc-annotations-3.0.0.jar;C:\Users\Orangebits\.m2\repository\io\opentelemetry\opentelemetry-api\1.49.0\opentelemetry-api-1.49.0.jar;C:\Users\Orangebits\.m2\repository\io\opentelemetry\opentelemetry-context\1.49.0\opentelemetry-context-1.49.0.jar;C:\Users\Orangebits\.m2\repository\io\opentelemetry\opentelemetry-exporter-logging\1.49.0\opentelemetry-exporter-logging-1.49.0.jar;C:\Users\Orangebits\.m2\repository\io\opentelemetry\opentelemetry-sdk-common\1.49.0\opentelemetry-sdk-common-1.49.0.jar;C:\Users\Orangebits\.m2\repository\io\opentelemetry\opentelemetry-sdk-extension-autoconfigure-spi\1.49.0\opentelemetry-sdk-extension-autoconfigure-spi-1.49.0.jar;C:\Users\Orangebits\.m2\repository\io\opentelemetry\opentelemetry-sdk-extension-autoconfigure\1.49.0\opentelemetry-sdk-extension-autoconfigure-1.49.0.jar;C:\Users\Orangebits\.m2\repository\io\opentelemetry\opentelemetry-sdk-trace\1.49.0\opentelemetry-sdk-trace-1.49.0.jar;C:\Users\Orangebits\.m2\repository\io\opentelemetry\opentelemetry-sdk\1.49.0\opentelemetry-sdk-1.49.0.jar;C:\Users\Orangebits\.m2\repository\io\opentelemetry\opentelemetry-sdk-metrics\1.49.0\opentelemetry-sdk-metrics-1.49.0.jar;C:\Users\Orangebits\.m2\repository\io\opentelemetry\opentelemetry-sdk-logs\1.49.0\opentelemetry-sdk-logs-1.49.0.jar;C:\Users\Orangebits\.m2\repository\net\bytebuddy\byte-buddy\1.17.5\byte-buddy-1.17.5.jar;C:\Users\Orangebits\.m2\repository\org\seleniumhq\selenium\selenium-os\4.32.0\selenium-os-4.32.0.jar;C:\Users\Orangebits\.m2\repository\org\apache\commons\commons-exec\1.4.0\commons-exec-1.4.0.jar;C:\Users\Orangebits\.m2\repository\org\seleniumhq\selenium\selenium-safari-driver\4.32.0\selenium-safari-driver-4.32.0.jar;C:\Users\Orangebits\.m2\repository\org\seleniumhq\selenium\selenium-support\4.32.0\selenium-support-4.32.0.jar;C:\Users\Orangebits\.m2\repository\junit\junit\4.13.2\junit-4.13.2.jar;C:\Users\Orangebits\.m2\repository\org\hamcrest\hamcrest-core\1.3\hamcrest-core-1.3.jar;C:\Users\Orangebits\.m2\repository\io\cucumber\cucumber-java\7.20.1\cucumber-java-7.20.1.jar;C:\Users\Orangebits\.m2\repository\io\cucumber\cucumber-core\7.20.1\cucumber-core-7.20.1.jar;C:\Users\Orangebits\.m2\repository\io\cucumber\cucumber-gherkin\7.20.1\cucumber-gherkin-7.20.1.jar;C:\Users\Orangebits\.m2\repository\io\cucumber\cucumber-gherkin-messages\7.20.1\cucumber-gherkin-messages-7.20.1.jar;C:\Users\Orangebits\.m2\repository\io\cucumber\gherkin\28.0.0\gherkin-28.0.0.jar;C:\Users\Orangebits\.m2\repository\io\cucumber\messages\24.1.0\messages-24.1.0.jar;C:\Users\Orangebits\.m2\repository\io\cucumber\testng-xml-formatter\0.2.0\testng-xml-formatter-0.2.0.jar;C:\Users\Orangebits\.m2\repository\io\cucumber\query\12.2.0\query-12.2.0.jar;C:\Users\Orangebits\.m2\repository\io\cucumber\tag-expressions\6.1.0\tag-expressions-6.1.0.jar;C:\Users\Orangebits\.m2\repository\io\cucumber\cucumber-expressions\17.1.0\cucumber-expressions-17.1.0.jar;C:\Users\Orangebits\.m2\repository\io\cucumber\datatable\7.20.1\datatable-7.20.1.jar;C:\Users\Orangebits\.m2\repository\io\cucumber\cucumber-plugin\7.20.1\cucumber-plugin-7.20.1.jar;C:\Users\Orangebits\.m2\repository\io\cucumber\docstring\7.20.1\docstring-7.20.1.jar;C:\Users\Orangebits\.m2\repository\io\cucumber\html-formatter\21.7.0\html-formatter-21.7.0.jar;C:\Users\Orangebits\.m2\repository\io\cucumber\junit-xml-formatter\0.5.0\junit-xml-formatter-0.5.0.jar;C:\Users\Orangebits\.m2\repository\io\cucumber\ci-environment\10.0.1\ci-environment-10.0.1.jar;C:\Users\Orangebits\.m2\repository\org\apiguardian\apiguardian-api\1.1.2\apiguardian-api-1.1.2.jar;C:\Users\Orangebits\.m2\repository\org\testng\testng\7.10.2\testng-7.10.2.jar;C:\Users\Orangebits\.m2\repository\org\slf4j\slf4j-api\1.7.36\slf4j-api-1.7.36.jar;C:\Users\Orangebits\.m2\repository\com\beust\jcommander\1.82\jcommander-1.82.jar;C:\Users\Orangebits\.m2\repository\org\webjars\jquery\3.7.1\jquery-3.7.1.jar;C:\Users\Orangebits\.m2\repository\Selenium\java\0.0.1-SNAPSHOT\java-0.0.1-SNAPSHOT.jar;C:\Users\Orangebits\.m2\repository\io\cucumber\cucumber-testng\7.14.0\cucumber-testng-7.14.0.jar;C:\Users\Orangebits\.m2\repository\org\slf4j\slf4j-simple\2.0.7\slf4j-simple-2.0.7.jar;"/>
    <property name="sun.cpu.endian" value="little"/>
    <property name="user.home" value="C:\Users\Orangebits"/>
    <property name="user.language" value="en"/>
    <property name="java.specification.vendor" value="Oracle Corporation"/>
    <property name="java.version.date" value="2024-01-16"/>
    <property name="java.home" value="C:\Program Files\Java\jdk-21"/>
    <property name="file.separator" value="\"/>
    <property name="basedir" value="C:\Users\Orangebits\eclipse-workspace\BDDFramwork"/>
    <property name="style.color" value="always"/>
    <property name="java.vm.compressedOopsMode" value="Zero based"/>
    <property name="line.separator" value="&#10;"/>
    <property name="java.vm.specification.vendor" value="Oracle Corporation"/>
    <property name="java.specification.name" value="Java Platform API Specification"/>
    <property name="surefire.real.class.path" value="C:\Users\Orangebits\AppData\Local\Temp\surefire8173626017424997599\surefirebooter-20250521184842085_3.jar"/>
    <property name="user.script" value=""/>
    <property name="sun.management.compiler" value="HotSpot 64-Bit Tiered Compilers"/>
    <property name="java.runtime.version" value="21.0.2+13-LTS-58"/>
    <property name="user.name" value="Orangebits"/>
    <property name="stdout.encoding" value="Cp1252"/>
    <property name="path.separator" value=";"/>
    <property name="os.version" value="10.0"/>
    <property name="java.runtime.name" value="Java(TM) SE Runtime Environment"/>
    <property name="file.encoding" value="UTF-8"/>
    <property name="java.vm.name" value="Java HotSpot(TM) 64-Bit Server VM"/>
    <property name="localRepository" value="C:\Users\Orangebits\.m2\repository"/>
    <property name="java.vendor.url.bug" value="https://bugreport.java.com/bugreport/"/>
    <property name="java.io.tmpdir" value="C:\Users\ORANGE~1\AppData\Local\Temp\"/>
    <property name="java.version" value="21.0.2"/>
    <property name="user.dir" value="C:\Users\Orangebits\eclipse-workspace\BDDFramwork"/>
    <property name="os.arch" value="amd64"/>
    <property name="java.vm.specification.name" value="Java Virtual Machine Specification"/>
    <property name="sun.os.patch.level" value=""/>
    <property name="native.encoding" value="Cp1252"/>
    <property name="java.library.path" value="C:\Program Files\Java\jdk-21\bin;C:\WINDOWS\Sun\Java\bin;C:\WINDOWS\system32;C:\WINDOWS;C:\Program Files\Common Files\Oracle\Java\javapath;C:\Program Files (x86)\TRICENTIS\Tosca Testsuite\ToscaCommander;;C:\Program Files (x86)\TRICENTIS\Tosca Testsuite\Classic;C:\Program Files (x86)\TRICENTIS\Tosca Testsuite\Classic\dll;C:\Program Files (x86)\TRICENTIS\Tosca Testsuite\Classic\dll\GuptaEngine;C:\Program Files (x86)\TRICENTIS\Tosca Testsuite\ToscaCommander;C:\Program Files (x86)\TRICENTIS\Tosca Testsuite\Classic\dll\DelphiEngine;C:\Program Files (x86)\TRICENTIS\Tosca Testsuite\Classic\dll\PBEngine;C:\Program Files (x86)\TRICENTIS\Tosca Testsuite\Classic\dll\VBEngine;C:\Program Files (x86)\TRICENTIS\Tosca Testsuite\Classic\dll\DotNetHooking;;C:\WINDOWS\system32;C:\WINDOWS;C:\WINDOWS\System32\Wbem;C:\WINDOWS\System32\WindowsPowerShell\v1.0\;C:\WINDOWS\System32\OpenSSH\;C:\Users\Orangebits\AppData\Local\Microsoft\WindowsApps;;C:\Program Files\JetBrains\IntelliJ IDEA Community Edition 2024.1\bin;;."/>
    <property name="java.vm.info" value="mixed mode, sharing"/>
    <property name="stderr.encoding" value="Cp1252"/>
    <property name="java.vendor" value="Oracle Corporation"/>
    <property name="java.vm.version" value="21.0.2+13-LTS-58"/>
    <property name="sun.io.unicode.encoding" value="UnicodeLittle"/>
    <property name="java.class.version" value="65.0"/>
  </properties>
  <testcase name="runScenario[&quot;Check Login Successful with Valid Credentials&quot;, &quot;Login page automation of  Application&quot;](1)" classname="TestRunner.CucumberTestRunner" time="7.765">
    <system-out><![CDATA[
Scenario Outline: Check Login Successful with Valid Credentials &amp#27;[90m# src/test/resources/Features/Login.feature:12&amp#27;[0m
  &amp#27;[32mGiven &amp#27;[0m&amp#27;[32mUser is on Login Page&amp#27;[0m                                   &amp#27;[90m# StepDefinations.PageFactoryLoginStepsDefination.user_is_on_login_page()&amp#27;[0m
  &amp#27;[32mWhen &amp#27;[0m&amp#27;[32mUser enter valid &amp#27;[0m&amp#27;[32m&amp#27;[1m"standard_user"&amp#27;[0m&amp#27;[32m and &amp#27;[0m&amp#27;[32m&amp#27;[1m"secret_sauce"&amp#27;[0m      &amp#27;[90m# StepDefinations.PageFactoryLoginStepsDefination.user_enter_valid_and(java.lang.String,java.lang.String)&amp#27;[0m
  &amp#27;[32mAnd &amp#27;[0m&amp#27;[32mClicks on Login Button&amp#27;[0m                                    &amp#27;[90m# StepDefinations.PageFactoryLoginStepsDefination.clicks_on_login_button()&amp#27;[0m
  &amp#27;[32mThen &amp#27;[0m&amp#27;[32mUser navigated to Home Page&amp#27;[0m                              &amp#27;[90m# StepDefinations.PageFactoryLoginStepsDefination.user_navigated_to_home_page()&amp#27;[0m
  &amp#27;[32mAnd &amp#27;[0m&amp#27;[32mClose the Browser&amp#27;[0m                                         &amp#27;[90m# StepDefinations.PageFactoryLoginStepsDefination.close_the_browser()&amp#27;[0m
]]></system-out>
    <system-err><![CDATA[SLF4J: Failed to load class "org.slf4j.impl.StaticLoggerBinder".
SLF4J: Defaulting to no-operation (NOP) logger implementation
SLF4J: See http://www.slf4j.org/codes.html#StaticLoggerBinder for further details.
]]></system-err>
  </testcase>
  <testcase name="runScenario[&quot;Scenario 1 from test1 feature&quot;, &quot;This is test1 feature&quot;](1)" classname="TestRunner.CucumberTestRunnerForTags" time="0.018">
    <system-out><![CDATA[
@smoke @regression
Scenario: Scenario 1 from test1 feature &amp#27;[90m# src/test/resources/FeatureWithTags/Test1.feature:3&amp#27;[0m
]]></system-out>
  </testcase>
</testsuite>