<?xml version="1.0" encoding="UTF-8"?>
<!-- Generated by org.testng.reporters.JUnitReportReporter -->
<testsuite hostname="DESKTOP-P1NSECT" failures="0" tests="1" name="TestRunner.CucumberTestRunnerForTags" time="0.124" errors="0" timestamp="2025-05-21T11:03:13 IST" skipped="0">
  <testcase classname="TestRunner.CucumberTestRunnerForTags" name="runScenario" time="0.124"/>
</testsuite> <!-- TestRunner.CucumberTestRunnerForTags -->
