<?xml version="1.0" encoding="UTF-8"?>
<!-- Generated by org.testng.reporters.JUnitReportReporter -->
<testsuite hostname="DESKTOP-P1NSECT" failures="0" tests="1" name="TestRunner.CucumberTestRunner" time="7.752" errors="0" timestamp="2025-05-21T18:48:52 IST" skipped="0">
  <testcase classname="TestRunner.CucumberTestRunner" name="runScenario" time="7.752"/>
</testsuite> <!-- TestRunner.CucumberTestRunner -->
